{"C:\\_repos\\git\\wigitor\\tests\\test1_methods_spec.js":{"path":"C:\\_repos\\git\\wigitor\\tests\\test1_methods_spec.js","s":{"1":1,"2":1,"3":1,"4":1,"5":1,"6":1,"7":1,"8":1,"9":1,"10":1,"11":1,"12":1,"13":1,"14":1,"15":1,"16":1,"17":1,"18":1,"19":1,"20":1,"21":1,"22":1,"23":1,"24":1,"25":1,"26":1,"27":1,"28":1,"29":1,"30":1,"31":1,"32":1,"33":1,"34":1,"35":1,"36":1,"37":1,"38":1,"39":1,"40":1,"41":1,"42":1,"43":1,"44":1,"45":1,"46":1,"47":1,"48":1,"49":1,"50":1,"51":1,"52":1,"53":22,"54":22,"55":22,"56":22,"57":22,"58":1,"59":1,"60":1,"61":1,"62":1,"63":1,"64":1,"65":1,"66":1,"67":1,"68":1,"69":1,"70":1,"71":1,"72":1,"73":1,"74":1,"75":1,"76":1,"77":1,"78":1,"79":1,"80":1,"81":1,"82":1,"83":1,"84":1,"85":1,"86":1,"87":1,"88":1,"89":1,"90":1,"91":1,"92":1,"93":1,"94":1,"95":1,"96":1,"97":1,"98":1,"99":1,"100":1,"101":1,"102":1,"103":1,"104":1,"105":1,"106":5,"107":5,"108":5,"109":5,"110":5,"111":1,"112":1,"113":1,"114":1,"115":1,"116":1,"117":1,"118":1,"119":1,"120":1,"121":1,"122":1,"123":1,"124":1,"125":1,"126":1,"127":1,"128":1,"129":1,"130":1,"131":1,"132":1,"133":1,"134":1,"135":1,"136":1,"137":1,"138":1,"139":1,"140":1,"141":1,"142":1,"143":1,"144":1,"145":1,"146":1,"147":1,"148":4,"149":4,"150":4,"151":4,"152":4,"153":1,"154":10,"155":10,"156":10,"157":10,"158":9,"159":1,"160":10,"161":10,"162":10,"163":1,"164":0,"165":0,"166":0,"167":0,"168":0,"169":0,"170":0,"171":0,"172":0,"173":0,"174":1,"175":0},"b":{"1":[0,22],"2":[5,4],"3":[1,4],"4":[9,1]},"f":{"1":1,"2":1,"3":1,"4":1,"5":1,"6":1,"7":1,"8":1,"9":1,"10":1,"11":1,"12":1,"13":1,"14":1,"15":22,"16":1,"17":1,"18":1,"19":1,"20":1,"21":1,"22":1,"23":1,"24":1,"25":1,"26":1,"27":1,"28":1,"29":1,"30":1,"31":5,"32":1,"33":1,"34":1,"35":1,"36":1,"37":1,"38":1,"39":1,"40":1,"41":4,"42":10,"43":0,"44":0,"45":0,"46":0},"fnMap":{"1":{"name":"(anonymous_1)","line":8,"loc":{"start":{"line":8,"column":46},"end":{"line":8,"column":57}}},"2":{"name":"(anonymous_2)","line":13,"loc":{"start":{"line":13,"column":36},"end":{"line":13,"column":47}}},"3":{"name":"(anonymous_3)","line":14,"loc":{"start":{"line":14,"column":46},"end":{"line":14,"column":57}}},"4":{"name":"(anonymous_4)","line":28,"loc":{"start":{"line":28,"column":32},"end":{"line":28,"column":43}}},"5":{"name":"(anonymous_5)","line":29,"loc":{"start":{"line":29,"column":44},"end":{"line":29,"column":55}}},"6":{"name":"(anonymous_6)","line":54,"loc":{"start":{"line":54,"column":32},"end":{"line":54,"column":43}}},"7":{"name":"(anonymous_7)","line":55,"loc":{"start":{"line":55,"column":57},"end":{"line":55,"column":68}}},"8":{"name":"(anonymous_8)","line":59,"loc":{"start":{"line":59,"column":68},"end":{"line":59,"column":79}}},"9":{"name":"(anonymous_9)","line":63,"loc":{"start":{"line":63,"column":61},"end":{"line":63,"column":72}}},"10":{"name":"(anonymous_10)","line":67,"loc":{"start":{"line":67,"column":69},"end":{"line":67,"column":80}}},"11":{"name":"(anonymous_11)","line":71,"loc":{"start":{"line":71,"column":69},"end":{"line":71,"column":80}}},"12":{"name":"(anonymous_12)","line":75,"loc":{"start":{"line":75,"column":74},"end":{"line":75,"column":85}}},"13":{"name":"(anonymous_13)","line":79,"loc":{"start":{"line":79,"column":64},"end":{"line":79,"column":75}}},"14":{"name":"(anonymous_14)","line":83,"loc":{"start":{"line":83,"column":89},"end":{"line":83,"column":100}}},"15":{"name":"expectError","line":101,"loc":{"start":{"line":101,"column":2},"end":{"line":101,"column":40}}},"16":{"name":"(anonymous_16)","line":118,"loc":{"start":{"line":118,"column":30},"end":{"line":118,"column":41}}},"17":{"name":"(anonymous_17)","line":119,"loc":{"start":{"line":119,"column":73},"end":{"line":119,"column":84}}},"18":{"name":"(anonymous_18)","line":126,"loc":{"start":{"line":126,"column":33},"end":{"line":126,"column":44}}},"19":{"name":"(anonymous_19)","line":127,"loc":{"start":{"line":127,"column":63},"end":{"line":127,"column":74}}},"20":{"name":"(anonymous_20)","line":138,"loc":{"start":{"line":138,"column":25},"end":{"line":138,"column":36}}},"21":{"name":"(anonymous_21)","line":152,"loc":{"start":{"line":152,"column":56},"end":{"line":152,"column":67}}},"22":{"name":"(anonymous_22)","line":154,"loc":{"start":{"line":154,"column":36},"end":{"line":154,"column":60}}},"23":{"name":"(anonymous_23)","line":167,"loc":{"start":{"line":167,"column":59},"end":{"line":167,"column":70}}},"24":{"name":"(anonymous_24)","line":169,"loc":{"start":{"line":169,"column":36},"end":{"line":169,"column":60}}},"25":{"name":"(anonymous_25)","line":179,"loc":{"start":{"line":179,"column":57},"end":{"line":179,"column":68}}},"26":{"name":"(anonymous_26)","line":183,"loc":{"start":{"line":183,"column":36},"end":{"line":183,"column":67}}},"27":{"name":"(anonymous_27)","line":203,"loc":{"start":{"line":203,"column":61},"end":{"line":203,"column":72}}},"28":{"name":"(anonymous_28)","line":205,"loc":{"start":{"line":205,"column":36},"end":{"line":205,"column":60}}},"29":{"name":"(anonymous_29)","line":220,"loc":{"start":{"line":220,"column":51},"end":{"line":220,"column":62}}},"30":{"name":"(anonymous_30)","line":222,"loc":{"start":{"line":222,"column":36},"end":{"line":222,"column":60}}},"31":{"name":"basicPrep","line":231,"loc":{"start":{"line":231,"column":2},"end":{"line":231,"column":37}}},"32":{"name":"(anonymous_32)","line":247,"loc":{"start":{"line":247,"column":29},"end":{"line":247,"column":40}}},"33":{"name":"(anonymous_33)","line":261,"loc":{"start":{"line":261,"column":78},"end":{"line":261,"column":89}}},"34":{"name":"(anonymous_34)","line":263,"loc":{"start":{"line":263,"column":13},"end":{"line":263,"column":39}}},"35":{"name":"(anonymous_35)","line":275,"loc":{"start":{"line":275,"column":101},"end":{"line":275,"column":112}}},"36":{"name":"(anonymous_36)","line":277,"loc":{"start":{"line":277,"column":13},"end":{"line":277,"column":39}}},"37":{"name":"(anonymous_37)","line":293,"loc":{"start":{"line":293,"column":81},"end":{"line":293,"column":92}}},"38":{"name":"(anonymous_38)","line":295,"loc":{"start":{"line":295,"column":13},"end":{"line":295,"column":39}}},"39":{"name":"(anonymous_39)","line":313,"loc":{"start":{"line":313,"column":89},"end":{"line":313,"column":100}}},"40":{"name":"(anonymous_40)","line":315,"loc":{"start":{"line":315,"column":13},"end":{"line":315,"column":39}}},"41":{"name":"basicPrep","line":333,"loc":{"start":{"line":333,"column":2},"end":{"line":333,"column":25}}},"42":{"name":"getWidgetConfig","line":352,"loc":{"start":{"line":352,"column":1},"end":{"line":352,"column":68}}},"43":{"name":"lintCSS","line":373,"loc":{"start":{"line":373,"column":1},"end":{"line":373,"column":39}}},"44":{"name":"(anonymous_44)","line":380,"loc":{"start":{"line":380,"column":30},"end":{"line":380,"column":45}}},"45":{"name":"(anonymous_45)","line":385,"loc":{"start":{"line":385,"column":38},"end":{"line":385,"column":48}}},"46":{"name":"trimAllWhite","line":398,"loc":{"start":{"line":398,"column":1},"end":{"line":398,"column":28}}}},"statementMap":{"1":{"start":{"line":3,"column":0},"end":{"line":6,"column":29}},"2":{"start":{"line":8,"column":0},"end":{"line":401,"column":3}},"3":{"start":{"line":10,"column":1},"end":{"line":11,"column":55}},"4":{"start":{"line":13,"column":1},"end":{"line":26,"column":4}},"5":{"start":{"line":14,"column":2},"end":{"line":25,"column":5}},"6":{"start":{"line":16,"column":3},"end":{"line":18,"column":27}},"7":{"start":{"line":20,"column":3},"end":{"line":20,"column":93}},"8":{"start":{"line":22,"column":3},"end":{"line":22,"column":46}},"9":{"start":{"line":24,"column":3},"end":{"line":24,"column":88}},"10":{"start":{"line":28,"column":1},"end":{"line":52,"column":4}},"11":{"start":{"line":29,"column":2},"end":{"line":51,"column":5}},"12":{"start":{"line":31,"column":3},"end":{"line":32,"column":37}},"13":{"start":{"line":35,"column":3},"end":{"line":36,"column":68}},"14":{"start":{"line":38,"column":3},"end":{"line":38,"column":40}},"15":{"start":{"line":41,"column":3},"end":{"line":41,"column":63}},"16":{"start":{"line":42,"column":3},"end":{"line":42,"column":66}},"17":{"start":{"line":44,"column":3},"end":{"line":44,"column":40}},"18":{"start":{"line":47,"column":3},"end":{"line":47,"column":63}},"19":{"start":{"line":48,"column":3},"end":{"line":48,"column":98}},"20":{"start":{"line":50,"column":3},"end":{"line":50,"column":53}},"21":{"start":{"line":54,"column":1},"end":{"line":115,"column":4}},"22":{"start":{"line":55,"column":2},"end":{"line":57,"column":5}},"23":{"start":{"line":56,"column":3},"end":{"line":56,"column":21}},"24":{"start":{"line":59,"column":2},"end":{"line":61,"column":5}},"25":{"start":{"line":60,"column":3},"end":{"line":60,"column":29}},"26":{"start":{"line":63,"column":2},"end":{"line":65,"column":5}},"27":{"start":{"line":64,"column":3},"end":{"line":64,"column":27}},"28":{"start":{"line":67,"column":2},"end":{"line":69,"column":5}},"29":{"start":{"line":68,"column":3},"end":{"line":68,"column":27}},"30":{"start":{"line":71,"column":2},"end":{"line":73,"column":5}},"31":{"start":{"line":72,"column":3},"end":{"line":72,"column":27}},"32":{"start":{"line":75,"column":2},"end":{"line":77,"column":5}},"33":{"start":{"line":76,"column":3},"end":{"line":76,"column":26}},"34":{"start":{"line":79,"column":2},"end":{"line":81,"column":5}},"35":{"start":{"line":80,"column":3},"end":{"line":80,"column":27}},"36":{"start":{"line":83,"column":2},"end":{"line":99,"column":5}},"37":{"start":{"line":84,"column":3},"end":{"line":84,"column":27}},"38":{"start":{"line":85,"column":3},"end":{"line":85,"column":27}},"39":{"start":{"line":86,"column":3},"end":{"line":86,"column":27}},"40":{"start":{"line":87,"column":3},"end":{"line":87,"column":27}},"41":{"start":{"line":88,"column":3},"end":{"line":88,"column":27}},"42":{"start":{"line":89,"column":3},"end":{"line":89,"column":27}},"43":{"start":{"line":90,"column":3},"end":{"line":90,"column":27}},"44":{"start":{"line":91,"column":3},"end":{"line":91,"column":27}},"45":{"start":{"line":92,"column":3},"end":{"line":92,"column":27}},"46":{"start":{"line":93,"column":3},"end":{"line":93,"column":27}},"47":{"start":{"line":94,"column":3},"end":{"line":94,"column":27}},"48":{"start":{"line":95,"column":3},"end":{"line":95,"column":27}},"49":{"start":{"line":96,"column":3},"end":{"line":96,"column":27}},"50":{"start":{"line":97,"column":3},"end":{"line":97,"column":27}},"51":{"start":{"line":98,"column":3},"end":{"line":98,"column":27}},"52":{"start":{"line":101,"column":2},"end":{"line":114,"column":3}},"53":{"start":{"line":104,"column":3},"end":{"line":104,"column":25}},"54":{"start":{"line":106,"column":3},"end":{"line":111,"column":4}},"55":{"start":{"line":107,"column":4},"end":{"line":107,"column":48}},"56":{"start":{"line":109,"column":4},"end":{"line":109,"column":21}},"57":{"start":{"line":113,"column":3},"end":{"line":113,"column":51}},"58":{"start":{"line":118,"column":1},"end":{"line":123,"column":4}},"59":{"start":{"line":119,"column":2},"end":{"line":122,"column":5}},"60":{"start":{"line":120,"column":3},"end":{"line":120,"column":139}},"61":{"start":{"line":121,"column":3},"end":{"line":121,"column":55}},"62":{"start":{"line":126,"column":1},"end":{"line":135,"column":4}},"63":{"start":{"line":127,"column":2},"end":{"line":134,"column":5}},"64":{"start":{"line":129,"column":3},"end":{"line":130,"column":142}},"65":{"start":{"line":132,"column":3},"end":{"line":132,"column":57}},"66":{"start":{"line":133,"column":3},"end":{"line":133,"column":56}},"67":{"start":{"line":138,"column":1},"end":{"line":244,"column":4}},"68":{"start":{"line":139,"column":2},"end":{"line":149,"column":34}},"69":{"start":{"line":152,"column":2},"end":{"line":164,"column":5}},"70":{"start":{"line":154,"column":3},"end":{"line":156,"column":6}},"71":{"start":{"line":155,"column":4},"end":{"line":155,"column":37}},"72":{"start":{"line":159,"column":3},"end":{"line":159,"column":49}},"73":{"start":{"line":160,"column":3},"end":{"line":160,"column":52}},"74":{"start":{"line":163,"column":3},"end":{"line":163,"column":29}},"75":{"start":{"line":167,"column":2},"end":{"line":176,"column":5}},"76":{"start":{"line":169,"column":3},"end":{"line":171,"column":6}},"77":{"start":{"line":170,"column":4},"end":{"line":170,"column":36}},"78":{"start":{"line":174,"column":3},"end":{"line":174,"column":49}},"79":{"start":{"line":175,"column":3},"end":{"line":175,"column":53}},"80":{"start":{"line":179,"column":2},"end":{"line":200,"column":5}},"81":{"start":{"line":181,"column":3},"end":{"line":181,"column":30}},"82":{"start":{"line":183,"column":3},"end":{"line":187,"column":18}},"83":{"start":{"line":184,"column":4},"end":{"line":184,"column":33}},"84":{"start":{"line":185,"column":4},"end":{"line":185,"column":31}},"85":{"start":{"line":186,"column":4},"end":{"line":186,"column":23}},"86":{"start":{"line":189,"column":3},"end":{"line":189,"column":44}},"87":{"start":{"line":191,"column":3},"end":{"line":191,"column":62}},"88":{"start":{"line":192,"column":3},"end":{"line":192,"column":188}},"89":{"start":{"line":195,"column":3},"end":{"line":195,"column":66}},"90":{"start":{"line":198,"column":3},"end":{"line":198,"column":64}},"91":{"start":{"line":199,"column":3},"end":{"line":199,"column":64}},"92":{"start":{"line":203,"column":2},"end":{"line":217,"column":5}},"93":{"start":{"line":205,"column":3},"end":{"line":207,"column":6}},"94":{"start":{"line":206,"column":4},"end":{"line":206,"column":37}},"95":{"start":{"line":209,"column":3},"end":{"line":209,"column":48}},"96":{"start":{"line":212,"column":3},"end":{"line":212,"column":49}},"97":{"start":{"line":213,"column":3},"end":{"line":213,"column":52}},"98":{"start":{"line":216,"column":3},"end":{"line":216,"column":29}},"99":{"start":{"line":220,"column":2},"end":{"line":229,"column":5}},"100":{"start":{"line":222,"column":3},"end":{"line":225,"column":6}},"101":{"start":{"line":223,"column":4},"end":{"line":223,"column":36}},"102":{"start":{"line":224,"column":4},"end":{"line":224,"column":43}},"103":{"start":{"line":227,"column":3},"end":{"line":227,"column":44}},"104":{"start":{"line":228,"column":3},"end":{"line":228,"column":67}},"105":{"start":{"line":231,"column":2},"end":{"line":243,"column":3}},"106":{"start":{"line":232,"column":3},"end":{"line":234,"column":42}},"107":{"start":{"line":236,"column":3},"end":{"line":236,"column":32}},"108":{"start":{"line":238,"column":3},"end":{"line":238,"column":68}},"109":{"start":{"line":240,"column":3},"end":{"line":240,"column":84}},"110":{"start":{"line":242,"column":3},"end":{"line":242,"column":174}},"111":{"start":{"line":247,"column":1},"end":{"line":349,"column":4}},"112":{"start":{"line":248,"column":2},"end":{"line":259,"column":38}},"113":{"start":{"line":261,"column":2},"end":{"line":273,"column":5}},"114":{"start":{"line":263,"column":3},"end":{"line":265,"column":6}},"115":{"start":{"line":264,"column":4},"end":{"line":264,"column":37}},"116":{"start":{"line":268,"column":3},"end":{"line":268,"column":49}},"117":{"start":{"line":269,"column":3},"end":{"line":269,"column":52}},"118":{"start":{"line":272,"column":3},"end":{"line":272,"column":29}},"119":{"start":{"line":275,"column":2},"end":{"line":291,"column":5}},"120":{"start":{"line":277,"column":3},"end":{"line":279,"column":6}},"121":{"start":{"line":278,"column":4},"end":{"line":278,"column":38}},"122":{"start":{"line":282,"column":3},"end":{"line":282,"column":49}},"123":{"start":{"line":283,"column":3},"end":{"line":283,"column":52}},"124":{"start":{"line":286,"column":3},"end":{"line":286,"column":55}},"125":{"start":{"line":287,"column":3},"end":{"line":287,"column":60}},"126":{"start":{"line":290,"column":3},"end":{"line":290,"column":29}},"127":{"start":{"line":293,"column":2},"end":{"line":311,"column":5}},"128":{"start":{"line":295,"column":3},"end":{"line":298,"column":6}},"129":{"start":{"line":296,"column":4},"end":{"line":296,"column":40}},"130":{"start":{"line":297,"column":4},"end":{"line":297,"column":37}},"131":{"start":{"line":301,"column":3},"end":{"line":301,"column":49}},"132":{"start":{"line":302,"column":3},"end":{"line":302,"column":52}},"133":{"start":{"line":305,"column":3},"end":{"line":305,"column":55}},"134":{"start":{"line":306,"column":3},"end":{"line":306,"column":59}},"135":{"start":{"line":307,"column":3},"end":{"line":307,"column":61}},"136":{"start":{"line":310,"column":3},"end":{"line":310,"column":29}},"137":{"start":{"line":313,"column":2},"end":{"line":331,"column":5}},"138":{"start":{"line":315,"column":3},"end":{"line":318,"column":6}},"139":{"start":{"line":316,"column":4},"end":{"line":316,"column":41}},"140":{"start":{"line":317,"column":4},"end":{"line":317,"column":37}},"141":{"start":{"line":321,"column":3},"end":{"line":321,"column":49}},"142":{"start":{"line":322,"column":3},"end":{"line":322,"column":52}},"143":{"start":{"line":325,"column":3},"end":{"line":325,"column":55}},"144":{"start":{"line":326,"column":3},"end":{"line":326,"column":60}},"145":{"start":{"line":327,"column":3},"end":{"line":327,"column":62}},"146":{"start":{"line":330,"column":3},"end":{"line":330,"column":29}},"147":{"start":{"line":333,"column":2},"end":{"line":348,"column":3}},"148":{"start":{"line":335,"column":3},"end":{"line":337,"column":30}},"149":{"start":{"line":339,"column":3},"end":{"line":339,"column":23}},"150":{"start":{"line":341,"column":3},"end":{"line":341,"column":68}},"151":{"start":{"line":344,"column":3},"end":{"line":344,"column":151}},"152":{"start":{"line":347,"column":3},"end":{"line":347,"column":63}},"153":{"start":{"line":352,"column":1},"end":{"line":370,"column":2}},"154":{"start":{"line":354,"column":2},"end":{"line":355,"column":57}},"155":{"start":{"line":356,"column":2},"end":{"line":356,"column":100}},"156":{"start":{"line":358,"column":2},"end":{"line":358,"column":13}},"157":{"start":{"line":360,"column":2},"end":{"line":363,"column":19}},"158":{"start":{"line":361,"column":3},"end":{"line":361,"column":76}},"159":{"start":{"line":363,"column":3},"end":{"line":363,"column":19}},"160":{"start":{"line":366,"column":2},"end":{"line":366,"column":94}},"161":{"start":{"line":367,"column":2},"end":{"line":367,"column":47}},"162":{"start":{"line":369,"column":2},"end":{"line":369,"column":16}},"163":{"start":{"line":373,"column":1},"end":{"line":395,"column":2}},"164":{"start":{"line":375,"column":2},"end":{"line":375,"column":42}},"165":{"start":{"line":378,"column":2},"end":{"line":378,"column":26}},"166":{"start":{"line":380,"column":2},"end":{"line":383,"column":5}},"167":{"start":{"line":381,"column":6},"end":{"line":381,"column":104}},"168":{"start":{"line":382,"column":6},"end":{"line":382,"column":25}},"169":{"start":{"line":385,"column":2},"end":{"line":392,"column":5}},"170":{"start":{"line":386,"column":6},"end":{"line":386,"column":50}},"171":{"start":{"line":388,"column":3},"end":{"line":388,"column":39}},"172":{"start":{"line":391,"column":6},"end":{"line":391,"column":13}},"173":{"start":{"line":394,"column":2},"end":{"line":394,"column":30}},"174":{"start":{"line":398,"column":1},"end":{"line":400,"column":2}},"175":{"start":{"line":399,"column":2},"end":{"line":399,"column":33}}},"branchMap":{"1":{"line":113,"type":"cond-expr","locations":[{"start":{"line":113,"column":36},"end":{"line":113,"column":41}},{"start":{"line":113,"column":44},"end":{"line":113,"column":48}}]},"2":{"line":234,"type":"binary-expr","locations":[{"start":{"line":234,"column":19},"end":{"line":234,"column":27}},{"start":{"line":234,"column":31},"end":{"line":234,"column":41}}]},"3":{"line":240,"type":"cond-expr","locations":[{"start":{"line":240,"column":39},"end":{"line":240,"column":76}},{"start":{"line":240,"column":79},"end":{"line":240,"column":83}}]},"4":{"line":360,"type":"if","locations":[{"start":{"line":360,"column":2},"end":{"line":360,"column":2}},{"start":{"line":360,"column":2},"end":{"line":360,"column":2}}]}}}}