{"C:\\_repos\\git\\wigitor\\tests\\test1_methods_spec.js":{"path":"C:\\_repos\\git\\wigitor\\tests\\test1_methods_spec.js","s":{"1":1,"2":1,"3":1,"4":1,"5":1,"6":1,"7":1,"8":1,"9":1,"10":1,"11":0,"12":0,"13":0,"14":0,"15":0,"16":0,"17":0,"18":0,"19":0,"20":0,"21":1,"22":0},"b":{},"f":{"1":1,"2":1,"3":1,"4":0,"5":0,"6":0,"7":0},"fnMap":{"1":{"name":"(anonymous_1)","line":8,"loc":{"start":{"line":8,"column":46},"end":{"line":8,"column":57}}},"2":{"name":"(anonymous_2)","line":13,"loc":{"start":{"line":13,"column":36},"end":{"line":13,"column":47}}},"3":{"name":"(anonymous_3)","line":14,"loc":{"start":{"line":14,"column":46},"end":{"line":14,"column":57}}},"4":{"name":"lintCSS","line":27,"loc":{"start":{"line":27,"column":1},"end":{"line":27,"column":39}}},"5":{"name":"(anonymous_5)","line":34,"loc":{"start":{"line":34,"column":30},"end":{"line":34,"column":45}}},"6":{"name":"(anonymous_6)","line":39,"loc":{"start":{"line":39,"column":38},"end":{"line":39,"column":48}}},"7":{"name":"trimAllWhite","line":52,"loc":{"start":{"line":52,"column":1},"end":{"line":52,"column":28}}}},"statementMap":{"1":{"start":{"line":3,"column":0},"end":{"line":6,"column":29}},"2":{"start":{"line":8,"column":0},"end":{"line":55,"column":3}},"3":{"start":{"line":10,"column":1},"end":{"line":11,"column":55}},"4":{"start":{"line":13,"column":1},"end":{"line":24,"column":4}},"5":{"start":{"line":14,"column":2},"end":{"line":23,"column":5}},"6":{"start":{"line":16,"column":3},"end":{"line":17,"column":37}},"7":{"start":{"line":19,"column":3},"end":{"line":19,"column":95}},"8":{"start":{"line":21,"column":3},"end":{"line":21,"column":46}},"9":{"start":{"line":22,"column":3},"end":{"line":22,"column":24}},"10":{"start":{"line":27,"column":1},"end":{"line":49,"column":2}},"11":{"start":{"line":29,"column":2},"end":{"line":29,"column":42}},"12":{"start":{"line":32,"column":2},"end":{"line":32,"column":26}},"13":{"start":{"line":34,"column":2},"end":{"line":37,"column":5}},"14":{"start":{"line":35,"column":6},"end":{"line":35,"column":104}},"15":{"start":{"line":36,"column":6},"end":{"line":36,"column":25}},"16":{"start":{"line":39,"column":2},"end":{"line":46,"column":5}},"17":{"start":{"line":40,"column":6},"end":{"line":40,"column":50}},"18":{"start":{"line":42,"column":3},"end":{"line":42,"column":39}},"19":{"start":{"line":45,"column":6},"end":{"line":45,"column":13}},"20":{"start":{"line":48,"column":2},"end":{"line":48,"column":30}},"21":{"start":{"line":52,"column":1},"end":{"line":54,"column":2}},"22":{"start":{"line":53,"column":2},"end":{"line":53,"column":33}}},"branchMap":{}}}