TN:
SF:tests\test1_methods_spec.js
FN:8,(anonymous_1)
FN:13,(anonymous_2)
FN:14,(anonymous_3)
FN:28,(anonymous_4)
FN:29,(anonymous_5)
FN:54,(anonymous_6)
FN:55,(anonymous_7)
FN:59,(anonymous_8)
FN:63,(anonymous_9)
FN:67,(anonymous_10)
FN:71,(anonymous_11)
FN:75,(anonymous_12)
FN:79,(anonymous_13)
FN:83,(anonymous_14)
FN:101,expectError
FN:118,(anonymous_16)
FN:119,(anonymous_17)
FN:126,(anonymous_18)
FN:141,(anonymous_19)
FN:143,(anonymous_20)
FN:156,(anonymous_21)
FN:158,(anonymous_22)
FN:175,(anonymous_23)
FN:177,(anonymous_24)
FN:196,(anonymous_25)
FN:198,(anonymous_26)
FN:217,basicPrep
FN:245,lintCSS
FN:252,(anonymous_29)
FN:257,(anonymous_30)
FN:270,trimAllWhite
FNF:31
FNH:27
FNDA:1,(anonymous_1)
FNDA:1,(anonymous_2)
FNDA:1,(anonymous_3)
FNDA:1,(anonymous_4)
FNDA:1,(anonymous_5)
FNDA:1,(anonymous_6)
FNDA:1,(anonymous_7)
FNDA:1,(anonymous_8)
FNDA:1,(anonymous_9)
FNDA:1,(anonymous_10)
FNDA:1,(anonymous_11)
FNDA:1,(anonymous_12)
FNDA:1,(anonymous_13)
FNDA:1,(anonymous_14)
FNDA:22,expectError
FNDA:1,(anonymous_16)
FNDA:1,(anonymous_17)
FNDA:1,(anonymous_18)
FNDA:1,(anonymous_19)
FNDA:1,(anonymous_20)
FNDA:1,(anonymous_21)
FNDA:1,(anonymous_22)
FNDA:1,(anonymous_23)
FNDA:1,(anonymous_24)
FNDA:1,(anonymous_25)
FNDA:1,(anonymous_26)
FNDA:4,basicPrep
FNDA:0,lintCSS
FNDA:0,(anonymous_29)
FNDA:0,(anonymous_30)
FNDA:0,trimAllWhite
DA:3,1
DA:8,1
DA:10,1
DA:13,1
DA:14,1
DA:16,1
DA:20,1
DA:22,1
DA:24,1
DA:28,1
DA:29,1
DA:31,1
DA:35,1
DA:38,1
DA:41,1
DA:42,1
DA:44,1
DA:47,1
DA:48,1
DA:50,1
DA:54,1
DA:55,1
DA:56,1
DA:59,1
DA:60,1
DA:63,1
DA:64,1
DA:67,1
DA:68,1
DA:71,1
DA:72,1
DA:75,1
DA:76,1
DA:79,1
DA:80,1
DA:83,1
DA:84,1
DA:85,1
DA:86,1
DA:87,1
DA:88,1
DA:89,1
DA:90,1
DA:91,1
DA:92,1
DA:93,1
DA:94,1
DA:95,1
DA:96,1
DA:97,1
DA:98,1
DA:101,1
DA:104,22
DA:106,22
DA:107,22
DA:109,22
DA:113,22
DA:118,1
DA:119,1
DA:120,1
DA:121,1
DA:126,1
DA:127,1
DA:141,1
DA:143,1
DA:144,1
DA:145,1
DA:149,1
DA:150,1
DA:153,1
DA:156,1
DA:158,1
DA:159,1
DA:160,1
DA:164,1
DA:165,1
DA:168,1
DA:169,1
DA:172,1
DA:175,1
DA:177,1
DA:178,1
DA:179,1
DA:180,1
DA:184,1
DA:185,1
DA:188,1
DA:189,1
DA:190,1
DA:193,1
DA:196,1
DA:198,1
DA:199,1
DA:200,1
DA:201,1
DA:205,1
DA:206,1
DA:209,1
DA:210,1
DA:211,1
DA:214,1
DA:217,1
DA:219,4
DA:223,4
DA:226,4
DA:228,4
DA:230,4
DA:233,4
DA:234,4
DA:237,4
DA:240,4
DA:245,1
DA:247,0
DA:250,0
DA:252,0
DA:253,0
DA:254,0
DA:257,0
DA:258,0
DA:260,0
DA:263,0
DA:266,0
DA:270,1
DA:271,0
LF:124
LH:113
BRDA:113,1,0,0
BRDA:113,1,1,22
BRF:2
BRH:1
end_of_record
