TN:
SF:tests\test1_methods_spec.js
FN:8,(anonymous_1)
FN:13,(anonymous_2)
FN:14,(anonymous_3)
FN:29,lintCSS
FN:36,(anonymous_5)
FN:41,(anonymous_6)
FN:54,trimAllWhite
FNF:7
FNH:3
FNDA:1,(anonymous_1)
FNDA:1,(anonymous_2)
FNDA:1,(anonymous_3)
FNDA:0,lintCSS
FNDA:0,(anonymous_5)
FNDA:0,(anonymous_6)
FNDA:0,trimAllWhite
DA:3,1
DA:8,1
DA:10,1
DA:13,1
DA:14,1
DA:16,1
DA:20,1
DA:22,1
DA:24,1
DA:29,1
DA:31,0
DA:34,0
DA:36,0
DA:37,0
DA:38,0
DA:41,0
DA:42,0
DA:44,0
DA:47,0
DA:50,0
DA:54,1
DA:55,0
LF:22
LH:11
BRF:0
BRH:0
end_of_record
